Using pre-set license
Built from '2020.3/staging' branch; Version is '2020.3.14f1 (d0d1bb862f9d) revision 13685179'; Using compiler version '192528614'; Build Type 'Release'
OS: 'Windows 10 Pro; OS build 19043.1586; Version 2009; 64bit' Language: 'fr' Physical Memory: 32481 MB
BatchMode: 1, IsHumanControllingUs: 0, StartBugReporterOnCrash: 0, Is64bit: 1, IsPro: 0

 COMMAND LINE ARGUMENTS:
C:\Program Files\Unity\Hub\Editor\2020.3.14f1\Editor\Unity.exe
-adb2
-batchMode
-noUpm
-name
AssetImportWorker0
-projectPath
C:/Users/q.lepine/Documents/Unity/FraiseTest
-logFile
Logs/AssetImportWorker0.log
-srvPort
52173
Successfully changed project path to: C:/Users/q.lepine/Documents/Unity/FraiseTest
C:/Users/q.lepine/Documents/Unity/FraiseTest
Using Asset Import Pipeline V2.
Refreshing native plugins compatible for Editor in 26.81 ms, found 2 plugins.
Preloading 0 native plugins for Editor in 0.00 ms.
Initialize engine version: 2020.3.14f1 (d0d1bb862f9d)
[Subsystems] Discovering subsystems at path C:/Program Files/Unity/Hub/Editor/2020.3.14f1/Editor/Data/Resources/UnitySubsystems
[Subsystems] Discovering subsystems at path C:/Users/q.lepine/Documents/Unity/FraiseTest/Assets
GfxDevice: creating device client; threaded=0
Direct3D:
    Version:  Direct3D 11.0 [level 11.1]
    Renderer: NVIDIA Quadro RTX 3000 (ID=0x1f36)
    Vendor:   
    VRAM:     5980 MB
    Driver:   30.0.14.7239
Initialize mono
Mono path[0] = 'C:/Program Files/Unity/Hub/Editor/2020.3.14f1/Editor/Data/Managed'
Mono path[1] = 'C:/Program Files/Unity/Hub/Editor/2020.3.14f1/Editor/Data/MonoBleedingEdge/lib/mono/unityjit'
Mono config path = 'C:/Program Files/Unity/Hub/Editor/2020.3.14f1/Editor/Data/MonoBleedingEdge/etc'
Using monoOptions --debugger-agent=transport=dt_socket,embedding=1,server=y,suspend=n,address=127.0.0.1:56172
Begin MonoManager ReloadAssembly
Registering precompiled unity dll's ...
Register platform support module: C:/Program Files/Unity/Hub/Editor/2020.3.14f1/Editor/Data/PlaybackEngines/WindowsStandaloneSupport/UnityEditor.WindowsStandalone.Extensions.dll
Registered in 0.001283 seconds.
Native extension for WindowsStandalone target not found
Refreshing native plugins compatible for Editor in 24.71 ms, found 2 plugins.
Preloading 0 native plugins for Editor in 0.00 ms.
Mono: successfully reloaded assembly
- Completed reload, in  0.787 seconds
Domain Reload Profiling:
	ReloadAssembly (787ms)
		BeginReloadAssembly (44ms)
			ExecutionOrderSort (0ms)
			DisableScriptedObjects (0ms)
			BackupInstance (0ms)
			ReleaseScriptingObjects (0ms)
			CreateAndSetChildDomain (1ms)
		EndReloadAssembly (305ms)
			LoadAssemblies (42ms)
			RebuildTransferFunctionScriptingTraits (0ms)
			SetupTypeCache (112ms)
			ReleaseScriptCaches (0ms)
			RebuildScriptCaches (24ms)
			SetupLoadedEditorAssemblies (117ms)
				LogAssemblyErrors (0ms)
				InitializePlatformSupportModulesInManaged (3ms)
				SetLoadedEditorAssemblies (0ms)
				RefreshPlugins (25ms)
				BeforeProcessingInitializeOnLoad (10ms)
				ProcessInitializeOnLoadAttributes (59ms)
				ProcessInitializeOnLoadMethodAttributes (20ms)
				AfterProcessingInitializeOnLoad (0ms)
				EditorAssembliesLoaded (0ms)
			ExecutionOrderSort2 (0ms)
			AwakeInstancesAfterBackupRestoration (0ms)
Platform modules already initialized, skipping
Registering precompiled user dll's ...
Registered in 0.002443 seconds.
Begin MonoManager ReloadAssembly
Native extension for WindowsStandalone target not found
Refreshing native plugins compatible for Editor in 25.59 ms, found 2 plugins.
Preloading 0 native plugins for Editor in 0.00 ms.
Mono: successfully reloaded assembly
- Completed reload, in  0.817 seconds
Domain Reload Profiling:
	ReloadAssembly (817ms)
		BeginReloadAssembly (110ms)
			ExecutionOrderSort (0ms)
			DisableScriptedObjects (4ms)
			BackupInstance (0ms)
			ReleaseScriptingObjects (0ms)
			CreateAndSetChildDomain (13ms)
		EndReloadAssembly (661ms)
			LoadAssemblies (62ms)
			RebuildTransferFunctionScriptingTraits (0ms)
			SetupTypeCache (214ms)
			ReleaseScriptCaches (0ms)
			RebuildScriptCaches (33ms)
			SetupLoadedEditorAssemblies (262ms)
				LogAssemblyErrors (0ms)
				InitializePlatformSupportModulesInManaged (3ms)
				SetLoadedEditorAssemblies (0ms)
				RefreshPlugins (26ms)
				BeforeProcessingInitializeOnLoad (59ms)
				ProcessInitializeOnLoadAttributes (167ms)
				ProcessInitializeOnLoadMethodAttributes (3ms)
				AfterProcessingInitializeOnLoad (4ms)
				EditorAssembliesLoaded (0ms)
			ExecutionOrderSort2 (0ms)
			AwakeInstancesAfterBackupRestoration (4ms)
Platform modules already initialized, skipping
========================================================================
Worker process is ready to serve import requests
Launched and connected shader compiler UnityShaderCompiler.exe after 0.03 seconds
Refreshing native plugins compatible for Editor in 0.34 ms, found 2 plugins.
Preloading 0 native plugins for Editor in 0.00 ms.
Unloading 1729 Unused Serialized files (Serialized files now loaded: 0)
System memory in use before: 79.2 MB.
System memory in use after: 79.3 MB.

Unloading 21 unused Assets to reduce memory usage. Loaded Objects now: 2165.
Total: 1.648600 ms (FindLiveObjects: 0.139900 ms CreateObjectMapping: 0.049600 ms MarkObjects: 1.399600 ms  DeleteObjects: 0.058600 ms)

AssetImportParameters requested are different than current active one (requested -> active):
  custom:framework-win-MediaFoundation: 216162199b28c13a410421893ffa2e32 -> 
  custom:video-decoder-ogg-theora: a1e56fd34408186e4bbccfd4996cb3dc -> 
  custom:container-muxer-webm: aa71ff27fc2769a1b78a27578f13a17b -> 
  custom:container-demuxer-webm: 4f35f7cbe854078d1ac9338744f61a02 -> 
  custom:container-demuxer-ogg: 62fdf1f143b41e24485cea50d1cbac27 -> 
  custom:video-encoder-webm-vp8: eb34c28f22e8b96e1ab97ce403110664 -> 
  custom:video-decoder-webm-vp8: 9c59270c3fd7afecdb556c50c9e8de78 -> 
  custom:audio-decoder-ogg-vorbis: bf7c407c2cedff20999df2af8eb42d56 -> 
  custom:audio-encoder-webm-vorbis: bf7c407c2cedff20999df2af8eb42d56 -> 
========================================================================
Received Import Request.
  path: Assets/Toolbox/PerfectCameraMesh.fbx
  artifactKey: Guid(75db789d1b1fd884bae6c66aa2fe2c4d) Importer(815301076,1909f56bfc062723c751e8b465ee728b)
Start importing Assets/Toolbox/PerfectCameraMesh.fbx using Guid(75db789d1b1fd884bae6c66aa2fe2c4d) Importer(815301076,1909f56bfc062723c751e8b465ee728b)  -> (artifact id: 'a9722c1dcd71d8986eafc1ed8026d75b') in 0.144736 seconds 
  Import took 0.147100 seconds .

========================================================================
Received Import Request.
  Time since last request: 86.976838 seconds.
  path: Assets/Character/Player/castle_guard_01.fbx
  artifactKey: Guid(538185622e3a3cb49b45c17e8a006a36) Importer(815301076,1909f56bfc062723c751e8b465ee728b)
Start importing Assets/Character/Player/castle_guard_01.fbx using Guid(538185622e3a3cb49b45c17e8a006a36) Importer(815301076,1909f56bfc062723c751e8b465ee728b)  -> (artifact id: '5362bbeebd6e4a43d4899e73fef1957c') in 0.067958 seconds 
  Import took 0.071385 seconds .

========================================================================
Received Import Request.
  Time since last request: 0.000123 seconds.
  path: Assets/Troll/Animations/troll@powerstrikeend.fbx
  artifactKey: Guid(99b3b35041d86fd4d88b8ba5f5738d27) Importer(815301076,1909f56bfc062723c751e8b465ee728b)
Start importing Assets/Troll/Animations/troll@powerstrikeend.fbx using Guid(99b3b35041d86fd4d88b8ba5f5738d27) Importer(815301076,1909f56bfc062723c751e8b465ee728b)  -> (artifact id: '46e8ca46a27fa9c7f81c5cc85a1e9a7e') in 0.043088 seconds 
  Import took 0.045944 seconds .

========================================================================
Received Import Request.
  Time since last request: 0.000130 seconds.
  path: Assets/Character/Player/castle_guard_01.fbx
  artifactKey: Guid(538185622e3a3cb49b45c17e8a006a36) Importer(815301076,1909f56bfc062723c751e8b465ee728b)
Start importing Assets/Character/Player/castle_guard_01.fbx using Guid(538185622e3a3cb49b45c17e8a006a36) Importer(815301076,1909f56bfc062723c751e8b465ee728b)  -> (artifact id: '5362bbeebd6e4a43d4899e73fef1957c') in 0.020255 seconds 
  Import took 0.022754 seconds .

========================================================================
Received Import Request.
  Time since last request: 0.000129 seconds.
  path: Assets/Troll/Animations/troll@powerstrikeend.fbx
  artifactKey: Guid(99b3b35041d86fd4d88b8ba5f5738d27) Importer(815301076,1909f56bfc062723c751e8b465ee728b)
Start importing Assets/Troll/Animations/troll@powerstrikeend.fbx using Guid(99b3b35041d86fd4d88b8ba5f5738d27) Importer(815301076,1909f56bfc062723c751e8b465ee728b)  -> (artifact id: '46e8ca46a27fa9c7f81c5cc85a1e9a7e') in 0.038717 seconds 
  Import took 0.041194 seconds .

========================================================================
Received Import Request.
  Time since last request: 22.099908 seconds.
  path: Assets/Troll/Animations/troll@jump.fbx
  artifactKey: Guid(2a4b26f012a7f2441be71c9e53da66a3) Importer(815301076,1909f56bfc062723c751e8b465ee728b)
Start importing Assets/Troll/Animations/troll@jump.fbx using Guid(2a4b26f012a7f2441be71c9e53da66a3) Importer(815301076,1909f56bfc062723c751e8b465ee728b)  -> (artifact id: '630ec7dd392c2a128287f562c41eebb2') in 0.082585 seconds 
  Import took 0.085447 seconds .

========================================================================
Received Import Request.
  Time since last request: 0.000206 seconds.
  path: Assets/Troll/Animations/troll@wasted_forward.fbx
  artifactKey: Guid(2906956af5f8ca644946a2039a5db5d7) Importer(815301076,1909f56bfc062723c751e8b465ee728b)
Start importing Assets/Troll/Animations/troll@wasted_forward.fbx using Guid(2906956af5f8ca644946a2039a5db5d7) Importer(815301076,1909f56bfc062723c751e8b465ee728b)  -> (artifact id: 'd69209a35199e38cf80d2429106db98f') in 0.051576 seconds 
  Import took 0.054397 seconds .

========================================================================
Received Import Request.
  Time since last request: 0.000153 seconds.
  path: Assets/Troll/Animations/troll@idle2.fbx
  artifactKey: Guid(9f451d0216940994eb646f83536758e1) Importer(815301076,1909f56bfc062723c751e8b465ee728b)
Start importing Assets/Troll/Animations/troll@idle2.fbx using Guid(9f451d0216940994eb646f83536758e1) Importer(815301076,1909f56bfc062723c751e8b465ee728b)  -> (artifact id: '0fa1c73352adfd21db03d54dfccb3e3f') in 0.033571 seconds 
  Import took 0.036162 seconds .

========================================================================
Received Import Request.
  Time since last request: 0.000125 seconds.
  path: Assets/Troll/Animations/troll@powerstrike.fbx
  artifactKey: Guid(e5ff39011e21a1046ad710d455a38ce7) Importer(815301076,1909f56bfc062723c751e8b465ee728b)
Start importing Assets/Troll/Animations/troll@powerstrike.fbx using Guid(e5ff39011e21a1046ad710d455a38ce7) Importer(815301076,1909f56bfc062723c751e8b465ee728b)  -> (artifact id: 'c22694fc9ec8c5b02cb0fefa99ec020d') in 0.033494 seconds 
  Import took 0.036186 seconds .

========================================================================
Received Import Request.
  Time since last request: 0.000140 seconds.
  path: Assets/Troll/Animations/troll@dance.fbx
  artifactKey: Guid(f5931059ec181b34d8b1bdf77594459c) Importer(815301076,1909f56bfc062723c751e8b465ee728b)
Start importing Assets/Troll/Animations/troll@dance.fbx using Guid(f5931059ec181b34d8b1bdf77594459c) Importer(815301076,1909f56bfc062723c751e8b465ee728b)  -> (artifact id: 'abbbe2d1aaa5fea954f806e6aa42ab92') in 0.031817 seconds 
  Import took 0.034649 seconds .

========================================================================
Received Import Request.
  Time since last request: 0.000227 seconds.
  path: Assets/Troll/Animations/troll@wound1.fbx
  artifactKey: Guid(8e2a320a502a6e94984d31114546cf97) Importer(815301076,1909f56bfc062723c751e8b465ee728b)
Start importing Assets/Troll/Animations/troll@wound1.fbx using Guid(8e2a320a502a6e94984d31114546cf97) Importer(815301076,1909f56bfc062723c751e8b465ee728b)  -> (artifact id: '67a2cb6de2ef463a0d76708ea278876d') in 0.032263 seconds 
  Import took 0.034833 seconds .

========================================================================
Received Import Request.
  Time since last request: 0.000124 seconds.
  path: Assets/Troll/Animations/troll@wound2.fbx
  artifactKey: Guid(6198964530e5e9c4bac47d8e2cdfa8ec) Importer(815301076,1909f56bfc062723c751e8b465ee728b)
Start importing Assets/Troll/Animations/troll@wound2.fbx using Guid(6198964530e5e9c4bac47d8e2cdfa8ec) Importer(815301076,1909f56bfc062723c751e8b465ee728b)  -> (artifact id: '4919a6821b4e75eb299d212ca744bd9f') in 0.031974 seconds 
  Import took 0.034785 seconds .

========================================================================
Received Import Request.
  Time since last request: 0.000123 seconds.
  path: Assets/Troll/Animations/troll@idle.fbx
  artifactKey: Guid(006c6112fbcbd77429627cbb5bfa3804) Importer(815301076,1909f56bfc062723c751e8b465ee728b)
Start importing Assets/Troll/Animations/troll@idle.fbx using Guid(006c6112fbcbd77429627cbb5bfa3804) Importer(815301076,1909f56bfc062723c751e8b465ee728b)  -> (artifact id: 'b066dc1768b458dd1a7fdd1a5209a1f5') in 0.035024 seconds 
  Import took 0.037630 seconds .

========================================================================
Received Import Request.
  Time since last request: 0.000126 seconds.
  path: Assets/Troll/Animations/troll@strike.fbx
  artifactKey: Guid(c674315764c3d30458455dec56fbcd58) Importer(815301076,1909f56bfc062723c751e8b465ee728b)
Start importing Assets/Troll/Animations/troll@strike.fbx using Guid(c674315764c3d30458455dec56fbcd58) Importer(815301076,1909f56bfc062723c751e8b465ee728b)  -> (artifact id: '6448f2be1268402a1d7ab84b882624ab') in 0.033181 seconds 
  Import took 0.036307 seconds .

========================================================================
Received Import Request.
  Time since last request: 0.000142 seconds.
  path: Assets/Troll/Animations/troll@wasted_backward.fbx
  artifactKey: Guid(8c8cb60f78c7ec04588068f53bdea525) Importer(815301076,1909f56bfc062723c751e8b465ee728b)
Start importing Assets/Troll/Animations/troll@wasted_backward.fbx using Guid(8c8cb60f78c7ec04588068f53bdea525) Importer(815301076,1909f56bfc062723c751e8b465ee728b)  -> (artifact id: 'd957b1c0de339d705b77d40a543fda8e') in 0.033410 seconds 
  Import took 0.035991 seconds .

========================================================================
Received Import Request.
  Time since last request: 0.000126 seconds.
  path: Assets/Troll/Animations/troll@jump.fbx
  artifactKey: Guid(2a4b26f012a7f2441be71c9e53da66a3) Importer(815301076,1909f56bfc062723c751e8b465ee728b)
Start importing Assets/Troll/Animations/troll@jump.fbx using Guid(2a4b26f012a7f2441be71c9e53da66a3) Importer(815301076,1909f56bfc062723c751e8b465ee728b)  -> (artifact id: '630ec7dd392c2a128287f562c41eebb2') in 0.032097 seconds 
  Import took 0.034920 seconds .

========================================================================
Received Import Request.
  Time since last request: 0.000138 seconds.
  path: Assets/Troll/Animations/troll@move.fbx
  artifactKey: Guid(4ca4614c4d49b354e81bfe8f5da57886) Importer(815301076,1909f56bfc062723c751e8b465ee728b)
Start importing Assets/Troll/Animations/troll@move.fbx using Guid(4ca4614c4d49b354e81bfe8f5da57886) Importer(815301076,1909f56bfc062723c751e8b465ee728b)  -> (artifact id: '4ec63159ceb747f9faa3377010af73dd') in 0.033162 seconds 
  Import took 0.035700 seconds .

========================================================================
Received Import Request.
  Time since last request: 0.000472 seconds.
  path: Assets/Troll/Animations/troll@move.fbx
  artifactKey: Guid(4ca4614c4d49b354e81bfe8f5da57886) Importer(815301076,1909f56bfc062723c751e8b465ee728b)
Start importing Assets/Troll/Animations/troll@move.fbx using Guid(4ca4614c4d49b354e81bfe8f5da57886) Importer(815301076,1909f56bfc062723c751e8b465ee728b)  -> (artifact id: '4ec63159ceb747f9faa3377010af73dd') in 0.030962 seconds 
  Import took 0.033805 seconds .

========================================================================
Received Import Request.
  Time since last request: 7.695530 seconds.
  path: Assets/Toolbox/PerfectCamera.prefab
  artifactKey: Guid(91f34f26d87cc1b48b3fc9fe0d263945) Importer(815301076,1909f56bfc062723c751e8b465ee728b)
Start importing Assets/Toolbox/PerfectCamera.prefab using Guid(91f34f26d87cc1b48b3fc9fe0d263945) Importer(815301076,1909f56bfc062723c751e8b465ee728b)  -> (artifact id: 'e377fbe32a7fb4c2a85fe13c19c71805') in 0.019429 seconds 
  Import took 0.021912 seconds .

========================================================================
Received Import Request.
  Time since last request: 0.000217 seconds.
  path: Assets/Toolbox/Player.prefab
  artifactKey: Guid(e238d42cba4a80a438da1b314a612615) Importer(815301076,1909f56bfc062723c751e8b465ee728b)
Start importing Assets/Toolbox/Player.prefab using Guid(e238d42cba4a80a438da1b314a612615) Importer(815301076,1909f56bfc062723c751e8b465ee728b)  -> (artifact id: '7ee6683d14d77c5f5ddc617be877b105') in 0.102052 seconds 
  Import took 0.105546 seconds .

========================================================================
Received Import Request.
  Time since last request: 14.222172 seconds.
  path: Assets/Toolbox/PerfectCamera.prefab
  artifactKey: Guid(91f34f26d87cc1b48b3fc9fe0d263945) Importer(815301076,1909f56bfc062723c751e8b465ee728b)
Start importing Assets/Toolbox/PerfectCamera.prefab using Guid(91f34f26d87cc1b48b3fc9fe0d263945) Importer(815301076,1909f56bfc062723c751e8b465ee728b)  -> (artifact id: '9c1b4d3b2d7789fa5756f0767f6a4b4c') in 0.024010 seconds 
  Import took 0.026470 seconds .

========================================================================
Received Import Request.
  Time since last request: 0.000140 seconds.
  path: Assets/Toolbox/Player.prefab
  artifactKey: Guid(e238d42cba4a80a438da1b314a612615) Importer(815301076,1909f56bfc062723c751e8b465ee728b)
Start importing Assets/Toolbox/Player.prefab using Guid(e238d42cba4a80a438da1b314a612615) Importer(815301076,1909f56bfc062723c751e8b465ee728b)  -> (artifact id: '69a80a7a95e7d26129b6aeb855cf0b33') in 0.042372 seconds 
  Import took 0.045245 seconds .

========================================================================
Received Import Request.
  Time since last request: 39.289057 seconds.
  path: Assets/Troll/Model/troll.fbx
  artifactKey: Guid(c7bfa5b0a77289547960f41ce263202a) Importer(815301076,1909f56bfc062723c751e8b465ee728b)
Start importing Assets/Troll/Model/troll.fbx using Guid(c7bfa5b0a77289547960f41ce263202a) Importer(815301076,1909f56bfc062723c751e8b465ee728b)  -> (artifact id: 'ee011c7976dd771a3d73bb331f0bcb45') in 0.038045 seconds 
  Import took 0.041206 seconds .

========================================================================
Received Import Request.
  Time since last request: 12.427455 seconds.
  path: Assets/Toolbox/PerfectCamera.prefab
  artifactKey: Guid(91f34f26d87cc1b48b3fc9fe0d263945) Importer(815301076,1909f56bfc062723c751e8b465ee728b)
Start importing Assets/Toolbox/PerfectCamera.prefab using Guid(91f34f26d87cc1b48b3fc9fe0d263945) Importer(815301076,1909f56bfc062723c751e8b465ee728b)  -> (artifact id: '7af3ed61ddc264fc87ab84548d09142e') in 0.021002 seconds 
  Import took 0.023602 seconds .

========================================================================
Received Import Request.
  Time since last request: 0.000118 seconds.
  path: Assets/Toolbox/Player.prefab
  artifactKey: Guid(e238d42cba4a80a438da1b314a612615) Importer(815301076,1909f56bfc062723c751e8b465ee728b)
Start importing Assets/Toolbox/Player.prefab using Guid(e238d42cba4a80a438da1b314a612615) Importer(815301076,1909f56bfc062723c751e8b465ee728b)  -> (artifact id: '7c1943255a3932bf693025c194c05ebb') in 0.043737 seconds 
  Import took 0.047081 seconds .

========================================================================
Received Import Request.
  Time since last request: 2.132038 seconds.
  path: Assets/Toolbox/PerfectCamera.prefab
  artifactKey: Guid(91f34f26d87cc1b48b3fc9fe0d263945) Importer(815301076,1909f56bfc062723c751e8b465ee728b)
Start importing Assets/Toolbox/PerfectCamera.prefab using Guid(91f34f26d87cc1b48b3fc9fe0d263945) Importer(815301076,1909f56bfc062723c751e8b465ee728b)  -> (artifact id: 'f2b09a6f18e6ad19fbecf536bc8d578a') in 0.020487 seconds 
  Import took 0.022919 seconds .

========================================================================
Received Import Request.
  Time since last request: 0.000138 seconds.
  path: Assets/Toolbox/Player.prefab
  artifactKey: Guid(e238d42cba4a80a438da1b314a612615) Importer(815301076,1909f56bfc062723c751e8b465ee728b)
Start importing Assets/Toolbox/Player.prefab using Guid(e238d42cba4a80a438da1b314a612615) Importer(815301076,1909f56bfc062723c751e8b465ee728b)  -> (artifact id: 'e0987bdf960210c325b736a9c18b9de2') in 0.044132 seconds 
  Import took 0.047195 seconds .

========================================================================
Received Import Request.
  Time since last request: 7.810664 seconds.
  path: Assets/Toolbox/PerfectCamera.prefab
  artifactKey: Guid(91f34f26d87cc1b48b3fc9fe0d263945) Importer(815301076,1909f56bfc062723c751e8b465ee728b)
Start importing Assets/Toolbox/PerfectCamera.prefab using Guid(91f34f26d87cc1b48b3fc9fe0d263945) Importer(815301076,1909f56bfc062723c751e8b465ee728b)  -> (artifact id: '52f3091cfbb6f77e12eb5e0858e89ea6') in 0.013383 seconds 
  Import took 0.016145 seconds .

========================================================================
Received Import Request.
  Time since last request: 0.000107 seconds.
  path: Assets/Toolbox/Player.prefab
  artifactKey: Guid(e238d42cba4a80a438da1b314a612615) Importer(815301076,1909f56bfc062723c751e8b465ee728b)
Start importing Assets/Toolbox/Player.prefab using Guid(e238d42cba4a80a438da1b314a612615) Importer(815301076,1909f56bfc062723c751e8b465ee728b)  -> (artifact id: '0ea7694e4d5d9a40da34e9c078d2e42a') in 0.043360 seconds 
  Import took 0.046357 seconds .

========================================================================
Received Import Request.
  Time since last request: 6.844178 seconds.
  path: Assets/Toolbox/PerfectCamera.prefab
  artifactKey: Guid(91f34f26d87cc1b48b3fc9fe0d263945) Importer(815301076,1909f56bfc062723c751e8b465ee728b)
Start importing Assets/Toolbox/PerfectCamera.prefab using Guid(91f34f26d87cc1b48b3fc9fe0d263945) Importer(815301076,1909f56bfc062723c751e8b465ee728b)  -> (artifact id: '855a33879763abef9313143532c9a51a') in 0.016393 seconds 
  Import took 0.019477 seconds .

========================================================================
Received Import Request.
  Time since last request: 0.000145 seconds.
  path: Assets/Toolbox/Player.prefab
  artifactKey: Guid(e238d42cba4a80a438da1b314a612615) Importer(815301076,1909f56bfc062723c751e8b465ee728b)
Start importing Assets/Toolbox/Player.prefab using Guid(e238d42cba4a80a438da1b314a612615) Importer(815301076,1909f56bfc062723c751e8b465ee728b)  -> (artifact id: '82bdc0cec5f80d1022d3fc0481c301b3') in 0.040572 seconds 
  Import took 0.043676 seconds .

========================================================================
Received Import Request.
  Time since last request: 20.856122 seconds.
  path: Assets/Toolbox/PerfectCameraMesh.fbx
  artifactKey: Guid(75db789d1b1fd884bae6c66aa2fe2c4d) Importer(815301076,1909f56bfc062723c751e8b465ee728b)
Start importing Assets/Toolbox/PerfectCameraMesh.fbx using Guid(75db789d1b1fd884bae6c66aa2fe2c4d) Importer(815301076,1909f56bfc062723c751e8b465ee728b)  -> (artifact id: 'de9762f99cb390f066acb68a182b30f7') in 0.059952 seconds 
  Import took 0.062449 seconds .

========================================================================
Received Import Request.
  Time since last request: 5.964246 seconds.
  path: Assets/Toolbox/PerfectCameraMesh.fbx
  artifactKey: Guid(75db789d1b1fd884bae6c66aa2fe2c4d) Importer(815301076,1909f56bfc062723c751e8b465ee728b)
Start importing Assets/Toolbox/PerfectCameraMesh.fbx using Guid(75db789d1b1fd884bae6c66aa2fe2c4d) Importer(815301076,1909f56bfc062723c751e8b465ee728b)  -> (artifact id: '8c5dae3af91626705ee952a5ad3967a7') in 0.093713 seconds 
  Import took 0.096357 seconds .

========================================================================
Received Import Request.
  Time since last request: 0.000573 seconds.
  path: Assets/Toolbox/PerfectCameraMesh.fbx
  artifactKey: Guid(75db789d1b1fd884bae6c66aa2fe2c4d) Importer(815301076,1909f56bfc062723c751e8b465ee728b)
Start importing Assets/Toolbox/PerfectCameraMesh.fbx using Guid(75db789d1b1fd884bae6c66aa2fe2c4d) Importer(815301076,1909f56bfc062723c751e8b465ee728b)  -> (artifact id: '8c5dae3af91626705ee952a5ad3967a7') in 0.078114 seconds 
  Import took 0.080356 seconds .

========================================================================
Received Import Request.
  Time since last request: 2.507343 seconds.
  path: Assets/Toolbox/PerfectCameraMesh.fbx
  artifactKey: Guid(75db789d1b1fd884bae6c66aa2fe2c4d) Importer(815301076,1909f56bfc062723c751e8b465ee728b)
Start importing Assets/Toolbox/PerfectCameraMesh.fbx using Guid(75db789d1b1fd884bae6c66aa2fe2c4d) Importer(815301076,1909f56bfc062723c751e8b465ee728b)  -> (artifact id: '342ccf33d34da49021d3d9fce0882a87') in 0.118852 seconds 
  Import took 0.121279 seconds .

AssetImportWorkerClient::OnTransportError - code=2 error=End of file
